<?xml version="1.0" encoding="UTF-8"?>
<!-- Generated by org.testng.reporters.JUnitReportReporter -->
<testsuite hostname="IN-PG02NMY9" failures="0" tests="1" name="jenkinsMavenIntegration.SampleTestCase" time="6.925" errors="0" timestamp="2023-10-02T23:21:04 IST" skipped="0">
  <testcase classname="jenkinsMavenIntegration.SampleTestCase" name="lauchBrowser" time="6.925"/>
  <system-out/>
</testsuite> <!-- jenkinsMavenIntegration.SampleTestCase -->
